Build started 12/2/2018 2:16:55 PM.
     1>Project "C:\Users\NA\Documents\Visual Studio 2010\Projects\SMTP_server\SMTP_server\SMTP_server.vcxproj" on node 2 (build target(s)).
     1>InitializeBuildStatus:
         Creating "Debug\SMTP_server.unsuccessfulbuild" because "AlwaysCreate" was specified.
       CustomBuild:
         All outputs are up-to-date.
       ClCompile:
         C:\Program Files (x86)\Microsoft Visual Studio 10.0\VC\bin\CL.exe /c /I.\GeneratedFiles /I. /IC:\Qt\Qt5.4.0\5.4\msvc2010_opengl\include /I.\GeneratedFiles\Debug /IC:\Qt\Qt5.4.0\5.4\msvc2010_opengl\include\QtCore /IC:\Qt\Qt5.4.0\5.4\msvc2010_opengl\include\QtGui /IC:\Qt\Qt5.4.0\5.4\msvc2010_opengl\include\QtWidgets /Zi /nologo /W1 /WX- /Od /Oy- /D UNICODE /D WIN32 /D WIN64 /D QT_DLL /D QT_CORE_LIB /D QT_GUI_LIB /D QT_WIDGETS_LIB /Gm- /EHsc /MDd /GS /fp:precise /Zc:wchar_t /Zc:forScope /Fo"Debug\\" /Fd"Debug\vc100.pdb" /Gd /TP /analyze- /errorReport:prompt func.cpp
         func.cpp
     1>c:\users\na\documents\visual studio 2010\projects\smtp_server\smtp_server\func.cpp(35): warning C4715: 'parseCommand' : not all control paths return a value
         All outputs are up-to-date.
       Link:
         C:\Program Files (x86)\Microsoft Visual Studio 10.0\VC\bin\link.exe /ERRORREPORT:PROMPT /OUT:"C:\Users\NA\Documents\Visual Studio 2010\Projects\SMTP_server\Win32\Debug\\SMTP_server.exe" /NOLOGO /LIBPATH:C:\Qt\Qt5.4.0\5.4\msvc2010_opengl\lib qtmaind.lib Qt5Cored.lib Qt5Guid.lib Qt5Widgetsd.lib kernel32.lib user32.lib gdi32.lib winspool.lib comdlg32.lib advapi32.lib shell32.lib ole32.lib oleaut32.lib uuid.lib odbc32.lib odbccp32.lib /MANIFEST /ManifestFile:"Debug\SMTP_server.exe.intermediate.manifest" /MANIFESTUAC:"level='asInvoker' uiAccess='false'" /DEBUG /PDB:"C:\Users\NA\Documents\Visual Studio 2010\Projects\SMTP_server\Win32\Debug\SMTP_server.pdb" /SUBSYSTEM:WINDOWS /TLBID:1 /DYNAMICBASE /NXCOMPAT /IMPLIB:"C:\Users\NA\Documents\Visual Studio 2010\Projects\SMTP_server\Win32\Debug\SMTP_server.lib" /MACHINE:X86 Debug\base64.obj
         Debug\func.obj
         Debug\moc_smtp_server.obj
         Debug\moc_tcpthread.obj
         Debug\qrc_smtp_server.obj
         Debug\getMail.obj
         Debug\main.obj
         Debug\smtp_server.obj
         Debug\tcpthread.obj
         Debug\user.obj
         LINK : C:\Users\NA\Documents\Visual Studio 2010\Projects\SMTP_server\Win32\Debug\\SMTP_server.exe not found or not built by the last incremental link; performing full link
         SMTP_server.vcxproj -> C:\Users\NA\Documents\Visual Studio 2010\Projects\SMTP_server\Win32\Debug\SMTP_server.exe
       Manifest:
         C:\Program Files (x86)\Microsoft SDKs\Windows\v7.0A\bin\mt.exe /nologo /verbose /outputresource:"C:\Users\NA\Documents\Visual Studio 2010\Projects\SMTP_server\Win32\Debug\\SMTP_server.exe;#1" /manifest Debug\SMTP_server.exe.intermediate.manifest
       FinalizeBuildStatus:
         Deleting file "Debug\SMTP_server.unsuccessfulbuild".
         Touching "Debug\SMTP_server.lastbuildstate".
     1>Done Building Project "C:\Users\NA\Documents\Visual Studio 2010\Projects\SMTP_server\SMTP_server\SMTP_server.vcxproj" (build target(s)).

Build succeeded.

Time Elapsed 00:00:01.54
